<?xml version="1.0" encoding="UTF-8"?>
<testsuite xmlns:xsi="http://www.w3.org/2001/XMLSchema-instance" xsi:schemaLocation="https://maven.apache.org/surefire/maven-surefire-plugin/xsd/surefire-test-report.xsd" name="Infinity.YourTest.RunnerClass" time="16.814" tests="6" errors="0" skipped="0" failures="0">
  <properties>
[...]
</properties>
  <testcase name="Given I launch the &quot;url&quot;" classname="Scenario: Confirm place holders are displayed" time="0.004"/>
  <testcase name="Then I see the &quot;Login&quot; page displayed" classname="Scenario: Confirm place holders are displayed" time="0"/>
  <testcase name="Given I click &quot;register&quot; button" classname="Scenario: Confirm place holders are displayed" time="0"/>
  <testcase name="When I confirm &quot;Email_Address&quot; text_field has a place holder of &quot;Enter email&quot;" classname="Scenario: Confirm place holders are displayed" time="0"/>
  <testcase name="Then I confirm &quot;username&quot; text_field has a place holder of &quot;Enter username&quot;" classname="Scenario: Confirm place holders are displayed" time="0"/>
  <testcase name="Scenario: Confirm place holders are displayed" classname="Scenario: Confirm place holders are displayed" time="0.012"/>
</testsuite>